C51 COMPILER V9.54   MAIN                                                                  07/23/2022 01:32:52 PAGE 1   


C51 COMPILER V9.54, COMPILATION OF MODULE MAIN
OBJECT MODULE PLACED IN .\Objects\main.obj
COMPILER INVOKED BY: D:\Keil_v5\C51\BIN\C51.EXE main.c OPTIMIZE(8,SPEED) BROWSE DEBUG OBJECTEXTEND PRINT(.\Listings\main
                    -.lst) OBJECT(.\Objects\main.obj)

line level    source

   1          #include <REGX52.H>
   2          #include "Delay.h"
   3          #include "UART.h"
   4          
   5          void main()
   6          {
   7   1          UART_Init();
   8   1          while (1)
   9   1          {
  10   2          }
  11   1      }
  12          
  13          void UART_Rountine() interrupt 4
  14          {
  15   1          if (RI == 1) // 判断是否发送了数据
  16   1          {
  17   2              P2 = ~SBUF;
  18   2              UART_SendByte(SBUF);
  19   2              RI = 0;
  20   2          }
  21   1      }


MODULE INFORMATION:   STATIC OVERLAYABLE
   CODE SIZE        =     76    ----
   CONSTANT SIZE    =   ----    ----
   XDATA SIZE       =   ----    ----
   PDATA SIZE       =   ----    ----
   DATA SIZE        =   ----    ----
   IDATA SIZE       =   ----    ----
   BIT SIZE         =   ----    ----
END OF MODULE INFORMATION.


C51 COMPILATION COMPLETE.  0 WARNING(S),  0 ERROR(S)
