C51 COMPILER V9.54   UART                                                                  07/23/2022 01:32:52 PAGE 1   


C51 COMPILER V9.54, COMPILATION OF MODULE UART
OBJECT MODULE PLACED IN .\Objects\UART.obj
COMPILER INVOKED BY: D:\Keil_v5\C51\BIN\C51.EXE UART.c OPTIMIZE(8,SPEED) BROWSE DEBUG OBJECTEXTEND PRINT(.\Listings\UART
                    -.lst) OBJECT(.\Objects\UART.obj)

line level    source

   1          #include <REGX52.H>
   2          /**
   3            * @brief 串口初始化
   4            * @param 无
   5            * @retval 无
   6            */
   7          void UART_Init(void)            //4800bps@11.0592MHz
   8          {
   9   1          PCON &= 0x7F; // 波特率不倍速
  10   1              SCON = 0x50; // 8位数据,可变波特率
  11   1              TMOD &= 0x0F; // 设置定时器模式
  12   1          TMOD |= 0x20; // 设置定时器模式
  13   1              TL1 = 0xFA; // 设置定时初始值
  14   1              TH1 = 0xFA; // 设置定时初始值
  15   1              ET1 = 0; // 禁止定时器%d中断
  16   1              TR1 = 1; // 定时器1开始计时
  17   1          
  18   1          EA = 1; // 启动中断
  19   1          ES = 1; // 启动串口中断
  20   1      }
  21          
  22          //void UART_Init() // 4800bps@12.000MHz
  23          //{
  24          //    SCON = 0x50;
  25          //    TMOD &= 0x0F; // 设置定时器模式
  26          //    TL1 = 0xC0; // 设置定时初始值
  27          //    TH1 = 0xFD; // 设置定时重载值
  28          //    ET1 = 0; // 禁止定时器1中断
  29          //    TR1 = 1;  // 定时器1开始计时
  30          //    EA = 1;
  31          //    ES = 1;
  32          //}
  33          
  34          /**
  35            * @brief 串口发送数据
  36            * @param Byte 数据
  37            * @retval 无
  38            */
  39          void UART_SendByte(unsigned char Byte)
  40          {
  41   1          SBUF = Byte;
  42   1          while (TI == 0);
  43   1          TI = 0;
  44   1      }
  45          
  46          /* 串口中断函数模板
  47          void UART_Rountine() interrupt 4
  48          {
  49              if (RI == 1) // 判断是否发送了数据
  50              {
  51                  P2 = ~SBUF;
  52                  UART_SendByte(SBUF);
  53                  RI = 0;
  54              }
C51 COMPILER V9.54   UART                                                                  07/23/2022 01:32:52 PAGE 2   

  55          }
  56          */


MODULE INFORMATION:   STATIC OVERLAYABLE
   CODE SIZE        =     35    ----
   CONSTANT SIZE    =   ----    ----
   XDATA SIZE       =   ----    ----
   PDATA SIZE       =   ----    ----
   DATA SIZE        =   ----    ----
   IDATA SIZE       =   ----    ----
   BIT SIZE         =   ----    ----
END OF MODULE INFORMATION.


C51 COMPILATION COMPLETE.  0 WARNING(S),  0 ERROR(S)
