C51 COMPILER V9.54   MAIN                                                                  07/25/2022 17:49:32 PAGE 1   


C51 COMPILER V9.54, COMPILATION OF MODULE MAIN
OBJECT MODULE PLACED IN .\Objects\main.obj
COMPILER INVOKED BY: D:\Keil_v5\C51\BIN\C51.EXE main.c OPTIMIZE(8,SPEED) BROWSE DEBUG OBJECTEXTEND PRINT(.\Listings\main
                    -.lst) OBJECT(.\Objects\main.obj)

line level    source

   1          #include <REGX52.H>
   2          #include "LCD1602.h"
   3          #include "DS18B20.h"
   4          #include "Delay.h"
   5          #include "AT24C02.h"
   6          #include "Key.h"
   7          
   8          float T, TShow;
   9          unsigned char KeyNum;
  10          char THigh, TLow;
  11          
  12          void main()
  13          {
  14   1          DS18B20_ConvertT();
  15   1          Delay(1);
  16   1          THigh = AT24C02_ReadByte(0);
  17   1          TLow = AT24C02_ReadByte(1);
  18   1          if (THigh > 125 || TLow < -55 || THigh < TLow)
  19   1          {
  20   2              THigh = 0;
  21   2              TLow = 0;
  22   2          }
  23   1          LCD_Init();
  24   1          LCD_ShowString(1, 1, "T: ");
  25   1          LCD_ShowString(2, 1, "H: ");
  26   1          LCD_ShowString(2, 9, "L: ");
  27   1          LCD_ShowSignedNum(2, 4, THigh, 3);
  28   1          LCD_ShowSignedNum(2, 12, TLow, 3);
  29   1          while (1)
  30   1          {
  31   2              KeyNum = Key();
  32   2              /* 温度读取以及显示 */
  33   2              DS18B20_ConvertT();
  34   2              T = DS18B20_ReadT();
  35   2              if (T < 0)
  36   2              {
  37   3                  LCD_ShowChar(1, 4, '-');
  38   3                  TShow = -T;
  39   3              }
  40   2              else
  41   2              {
  42   3                  LCD_ShowChar(1, 4, '+');
  43   3                  TShow = T;
  44   3              }
  45   2              LCD_ShowNum(1, 5, TShow, 3);
  46   2              LCD_ShowChar(1, 8, '.');
  47   2              LCD_ShowNum(1, 9, (unsigned long) (TShow * 100) % 100, 2);
  48   2              
  49   2              /* 阈值判断以及显示 */
  50   2              if (KeyNum)
  51   2              {
  52   3                  if (KeyNum == 1)
  53   3                  {
  54   4                      THigh++;
C51 COMPILER V9.54   MAIN                                                                  07/25/2022 17:49:32 PAGE 2   

  55   4                      if (THigh > 125)
  56   4                      {
  57   5                          THigh = 125;
  58   5                      }
  59   4                  }
  60   3                  if (KeyNum == 2)
  61   3                  {
  62   4                      THigh--;
  63   4                      if (THigh < TLow)
  64   4                      {
  65   5                          THigh++;
  66   5                      }
  67   4                  }
  68   3                  if (KeyNum == 3)
  69   3                  {
  70   4                      TLow++;
  71   4                      if (TLow > THigh)
  72   4                      {
  73   5                          TLow--;
  74   5                      }
  75   4                  }
  76   3                  if (KeyNum == 4)
  77   3                  {
  78   4                      TLow--;
  79   4                      if (TLow < -55)
  80   4                      {
  81   5                          TLow = -55;
  82   5                      }
  83   4                  }
  84   3                  LCD_ShowSignedNum(2, 4, THigh, 3);
  85   3                  LCD_ShowSignedNum(2, 12, TLow, 3);
  86   3                  AT24C02_WriteByte(0, THigh);
  87   3                  Delay(5);
  88   3                  AT24C02_WriteByte(1, TLow);
  89   3                  Delay(5);
  90   3              }
  91   2              if (T > THigh)
  92   2              {
  93   3                  LCD_ShowString(1, 13, "OV:H");
  94   3              }
  95   2              else if (T < TLow)
  96   2              {
  97   3                  LCD_ShowString(1, 13, "OV:L");
  98   3              }
  99   2              else
 100   2              {
 101   3                  LCD_ShowString(1, 13, "    ");
 102   3              }
 103   2              
 104   2          }
 105   1      }


MODULE INFORMATION:   STATIC OVERLAYABLE
   CODE SIZE        =    536    ----
   CONSTANT SIZE    =     27    ----
   XDATA SIZE       =   ----    ----
   PDATA SIZE       =   ----    ----
   DATA SIZE        =     11    ----
   IDATA SIZE       =   ----    ----
   BIT SIZE         =   ----    ----
END OF MODULE INFORMATION.

C51 COMPILER V9.54   MAIN                                                                  07/25/2022 17:49:32 PAGE 3   


C51 COMPILATION COMPLETE.  0 WARNING(S),  0 ERROR(S)
