C51 COMPILER V9.54   ONEWIRE                                                               07/25/2022 16:50:40 PAGE 1   


C51 COMPILER V9.54, COMPILATION OF MODULE ONEWIRE
OBJECT MODULE PLACED IN .\Objects\OneWire.obj
COMPILER INVOKED BY: D:\Keil_v5\C51\BIN\C51.EXE OneWire.c OPTIMIZE(8,SPEED) BROWSE DEBUG OBJECTEXTEND PRINT(.\Listings\O
                    -neWire.lst) OBJECT(.\Objects\OneWire.obj)

line level    source

   1          #include <REGX52.H>
   2          
   3          //引脚定义
   4          sbit OneWire_DQ = P3 ^ 7;
   5          
   6          /**
   7           * @brief  单总线初始化
   8           * @param  无
   9           * @retval 从机响应位，0为响应，1为未响应
  10           */
  11          unsigned char OneWire_Init(void)
  12          {
  13   1          unsigned char i;
  14   1          unsigned char AckBit;
  15   1          OneWire_DQ = 1;
  16   1          OneWire_DQ = 0;
  17   1          i = 227;
  18   1          while (--i) 
  19   1              ; // Delay 500us
  20   1          OneWire_DQ = 1;
  21   1          i = 29;
  22   1          while (--i)
  23   1              ; // Delay 70us
  24   1          AckBit = OneWire_DQ;
  25   1          i = 227;
  26   1          while (--i)
  27   1              ; // Delay 500us
  28   1          return AckBit;
  29   1      }
  30          
  31          /**
  32           * @brief  单总线发送一位
  33           * @param  Bit 要发送的位
  34           * @retval 无
  35           */
  36          void OneWire_SendBit(unsigned char Bit)
  37          {
  38   1          unsigned char i;
  39   1          OneWire_DQ = 0;
  40   1          i = 3;
  41   1          while (--i)
  42   1              ; // Delay 10us
  43   1          OneWire_DQ = Bit;
  44   1          i = 22;
  45   1          while (--i)
  46   1              ; // Delay 50us
  47   1          OneWire_DQ = 1;
  48   1      }
  49          
  50          /**
  51           * @brief  单总线接收一位
  52           * @param  无
  53           * @retval 读取的位
  54           */
C51 COMPILER V9.54   ONEWIRE                                                               07/25/2022 16:50:40 PAGE 2   

  55          unsigned char OneWire_ReceiveBit(void)
  56          {
  57   1          unsigned char i;
  58   1          unsigned char Bit;
  59   1          OneWire_DQ = 0;
  60   1          i = 1;
  61   1          while (--i)
  62   1              ; // Delay 5us
  63   1          OneWire_DQ = 1;
  64   1          i = 1;
  65   1          while (--i)
  66   1              ; // Delay 5us
  67   1          Bit = OneWire_DQ;
  68   1          i = 22;
  69   1          while (--i)
  70   1              ; // Delay 50us
  71   1          return Bit;
  72   1      }
  73          
  74          /**
  75           * @brief  单总线发送一个字节
  76           * @param  Byte 要发送的字节
  77           * @retval 无
  78           */
  79          void OneWire_SendByte(unsigned char Byte)
  80          {
  81   1          unsigned char i;
  82   1          for (i = 0; i < 8; i++)
  83   1          {
  84   2              OneWire_SendBit(Byte & (0x01 << i));
  85   2          }
  86   1      }
  87          
  88          /**
  89           * @brief  单总线接收一个字节
  90           * @param  无
  91           * @retval 接收的一个字节
  92           */
  93          unsigned char OneWire_ReceiveByte(void)
  94          {
  95   1          unsigned char i;
  96   1          unsigned char Byte = 0x00;
  97   1          for (i = 0; i < 8; i++)
  98   1          {
  99   2              if (OneWire_ReceiveBit())
 100   2              {
 101   3                  Byte |= (0x01 << i);
 102   3              }
 103   2          }
 104   1          return Byte;
 105   1      }


MODULE INFORMATION:   STATIC OVERLAYABLE
   CODE SIZE        =    122    ----
   CONSTANT SIZE    =   ----    ----
   XDATA SIZE       =   ----    ----
   PDATA SIZE       =   ----    ----
   DATA SIZE        =   ----    ----
   IDATA SIZE       =   ----    ----
   BIT SIZE         =   ----    ----
END OF MODULE INFORMATION.

C51 COMPILER V9.54   ONEWIRE                                                               07/25/2022 16:50:40 PAGE 3   


C51 COMPILATION COMPLETE.  0 WARNING(S),  0 ERROR(S)
