C51 COMPILER V9.54   MAIN                                                                  07/15/2022 22:06:58 PAGE 1   


C51 COMPILER V9.54, COMPILATION OF MODULE MAIN
OBJECT MODULE PLACED IN .\Objects\main.obj
COMPILER INVOKED BY: D:\Keil_v5\C51\BIN\C51.EXE main.c OPTIMIZE(8,SPEED) BROWSE DEBUG OBJECTEXTEND PRINT(.\Listings\main
                    -.lst) OBJECT(.\Objects\main.obj)

line level    source

   1          #include <REGX52.H>
   2          
   3          void Delay(unsigned int);
   4          
   5          
   6          void main()
   7          {
   8   1          unsigned char LEDNum = 0;
   9   1          P2 = ~0x01;
  10   1          while (1) 
  11   1          {
  12   2              if (P3_1 == 0) 
  13   2              {
  14   3                  Delay(20); // ∞¥º¸∂∂∂Ø
  15   3                  while (P3_1 == 0); // ºÏ≤‚À… ÷
  16   3                  Delay(20);
  17   3                  
  18   3                  //LEDNum++;
  19   3                  if (LEDNum == 7)
  20   3                  {
  21   4                      LEDNum = 0;
  22   4                  }
  23   3                  else
  24   3                  {
  25   4                      LEDNum++;
  26   4                  }
  27   3                  P2 = ~(0x01 << LEDNum);
  28   3              }
  29   2              if (P3_0 == 0) 
  30   2              {
  31   3                  Delay(20); // ∞¥º¸∂∂∂Ø
  32   3                  while (P3_0 == 0); // ºÏ≤‚À… ÷
  33   3                  Delay(20);
  34   3                  
  35   3                  if (LEDNum == 0)
  36   3                  {
  37   4                      LEDNum = 7;
  38   4                  }
  39   3                  else
  40   3                  {
  41   4                      LEDNum--;
  42   4                  }
  43   3                  P2 = ~(0x01 << LEDNum);
  44   3              }
  45   2          }
  46   1      }
  47          
  48          
  49          void Delay(unsigned int xms) //@12.000MHz
  50          {
  51   1          unsigned char i, j;
  52   1      
  53   1          while (xms--)
  54   1          {
C51 COMPILER V9.54   MAIN                                                                  07/15/2022 22:06:58 PAGE 2   

  55   2              i = 2;
  56   2              j = 239;
  57   2              do
  58   2              {
  59   3                  while (--j);
  60   3              } while (--i);
  61   2          }   
  62   1      }


MODULE INFORMATION:   STATIC OVERLAYABLE
   CODE SIZE        =    112    ----
   CONSTANT SIZE    =   ----    ----
   XDATA SIZE       =   ----    ----
   PDATA SIZE       =   ----    ----
   DATA SIZE        =   ----       1
   IDATA SIZE       =   ----    ----
   BIT SIZE         =   ----    ----
END OF MODULE INFORMATION.


C51 COMPILATION COMPLETE.  0 WARNING(S),  0 ERROR(S)
