C51 COMPILER V9.54   MAIN                                                                  07/27/2022 15:02:28 PAGE 1   


C51 COMPILER V9.54, COMPILATION OF MODULE MAIN
OBJECT MODULE PLACED IN .\Objects\main.obj
COMPILER INVOKED BY: D:\Keil_v5\C51\BIN\C51.EXE main.c OPTIMIZE(8,SPEED) BROWSE DEBUG OBJECTEXTEND PRINT(.\Listings\main
                    -.lst) OBJECT(.\Objects\main.obj)

line level    source

   1          #include <REGX52.H>
   2          #include "Delay.h"
   3          #include "LCD1602.h"
   4          #include "Int0.h"
   5          #include "Timer0.h"
   6          #include "IR.h"
   7          
   8          
   9          unsigned char Address, Command, Num;
  10          void main()
  11          {
  12   1          LCD_Init();
  13   1          Int0_Init();
  14   1          IR_Init();
  15   1          LCD_ShowString(1, 1, "ADDR  CMD  NUM");
  16   1          LCD_ShowString(2, 1, "00    00   000");
  17   1          while (1)
  18   1          {
  19   2              if (IR_GetDataFlag() || IR_GetRepeatFlag())
  20   2              {
  21   3                  Address = IR_GetAddress();
  22   3                  Command = IR_GetCommand();
  23   3                  
  24   3                  LCD_ShowHexNum(2, 1, Address, 2);
  25   3                  LCD_ShowHexNum(2, 7, Command, 2);
  26   3                  
  27   3                  if (Command == IR_VOL_MINUS)
  28   3                  {
  29   4                      Num--;
  30   4                  }
  31   3                  if (Command == IR_VOL_ADD)
  32   3                  {
  33   4                      Num++;
  34   4                  }
  35   3                  
  36   3                  LCD_ShowNum(2, 12, Num, 3);
  37   3              }
  38   2          }
  39   1      }


MODULE INFORMATION:   STATIC OVERLAYABLE
   CODE SIZE        =    118    ----
   CONSTANT SIZE    =     30    ----
   XDATA SIZE       =   ----    ----
   PDATA SIZE       =   ----    ----
   DATA SIZE        =      3    ----
   IDATA SIZE       =   ----    ----
   BIT SIZE         =   ----    ----
END OF MODULE INFORMATION.


C51 COMPILATION COMPLETE.  0 WARNING(S),  0 ERROR(S)
