C51 COMPILER V9.54   MAIN                                                                  07/24/2022 17:00:42 PAGE 1   


C51 COMPILER V9.54, COMPILATION OF MODULE MAIN
OBJECT MODULE PLACED IN .\Objects\main.obj
COMPILER INVOKED BY: D:\Keil_v5\C51\BIN\C51.EXE main.c OPTIMIZE(8,SPEED) BROWSE DEBUG OBJECTEXTEND PRINT(.\Listings\main
                    -.lst) OBJECT(.\Objects\main.obj)

line level    source

   1          #include <REGX52.H>
   2          #include "LCD1602.h"
   3          #include "DS1302.h"
   4          #include "Key.h"
   5          #include "Timer0.h"
   6          
   7          
   8          unsigned char KeyNum, Mode, TimeSelect, TimeSetFlashFlag;
   9          void ShowTime();
  10          void SetTime();
  11          
  12          void main()
  13          {
  14   1          LCD_Init();
  15   1          DS1302_Init();
  16   1          Timer0_Init();
  17   1          LCD_ShowString(1, 1, "  -  -");
  18   1          LCD_ShowString(2, 1, "  :  :");
  19   1      
  20   1          DS1302_SetTime();
  21   1      
  22   1          while (1)
  23   1          {
  24   2              KeyNum = Key();
  25   2              if (KeyNum == 1)
  26   2              {
  27   3                  if (Mode == 0)
  28   3                  {
  29   4                      Mode = 1;
  30   4                      TimeSelect = 0;
  31   4                  }
  32   3                  else if (Mode == 1)
  33   3                  {
  34   4                      Mode = 0;
  35   4                      DS1302_SetTime();
  36   4                  }
  37   3              }
  38   2              switch (Mode)
  39   2              {
  40   3                  case 0: ShowTime(); break;
  41   3                  case 1: SetTime(); break;
  42   3              }
  43   2              
  44   2          }
  45   1      }
  46          
  47          void ShowTime()
  48          {
  49   1          DS1302_ReadTime();
  50   1          LCD_ShowNum(1, 1, DS1302_Time[0], 2);
  51   1          LCD_ShowNum(1, 4, DS1302_Time[1], 2);
  52   1          LCD_ShowNum(1, 7, DS1302_Time[2], 2);
  53   1          LCD_ShowNum(2, 1, DS1302_Time[3], 2);
  54   1          LCD_ShowNum(2, 4, DS1302_Time[4], 2);
C51 COMPILER V9.54   MAIN                                                                  07/24/2022 17:00:42 PAGE 2   

  55   1          LCD_ShowNum(2, 7, DS1302_Time[5], 2);
  56   1      }
  57          
  58          void SetTime()
  59          {
  60   1          if (KeyNum == 2)
  61   1          {
  62   2              TimeSelect++;
  63   2              TimeSelect %= 6;
  64   2          }
  65   1          if (KeyNum == 3)
  66   1          {
  67   2              DS1302_Time[TimeSelect]++;
  68   2              if (DS1302_Time[0] > 99) { DS1302_Time[0] = 0; }
  69   2              if (DS1302_Time[1] > 12) { DS1302_Time[1] = 1; }
  70   2              if (DS1302_Time[1] == 1 || DS1302_Time[1] == 3 || DS1302_Time[1] == 5 || DS1302_Time[1] == 7 || DS
             -1302_Time[1] == 8 || DS1302_Time[1] == 10 || DS1302_Time[1] == 12)
  71   2              {
  72   3                  if (DS1302_Time[2] > 31) { DS1302_Time[2] = 1; }
  73   3              }
  74   2              else if (DS1302_Time[1] == 4 || DS1302_Time[1] == 6 || DS1302_Time[1] == 9 || DS1302_Time[1] == 11
             -)
  75   2              {
  76   3                  if (DS1302_Time[2] > 30) { DS1302_Time[2] = 1; }
  77   3              }
  78   2              else if (DS1302_Time[1] == 2)
  79   2              {
  80   3                  if (DS1302_Time[0] % 4 != 0)
  81   3                  {
  82   4                      if (DS1302_Time[2] > 28) { DS1302_Time[2] = 1; }
  83   4                  }
  84   3                  else
  85   3                  {
  86   4                      if (DS1302_Time[2] > 29) { DS1302_Time[2] = 1; }
  87   4                  }
  88   3              }   
  89   2              
  90   2              if (DS1302_Time[3] > 23) { DS1302_Time[3] = 0; }
  91   2              if (DS1302_Time[4] > 59) { DS1302_Time[4] = 0; }
  92   2              if (DS1302_Time[5] > 59) { DS1302_Time[5] = 0; }
  93   2          }
  94   1          if (KeyNum == 4)
  95   1          {
  96   2              DS1302_Time[TimeSelect]--;
  97   2              if (DS1302_Time[0] < 0) { DS1302_Time[0] = 99; }
  98   2              if (DS1302_Time[1] < 1) { DS1302_Time[1] = 12; }
  99   2              if (DS1302_Time[1] == 1 || DS1302_Time[1] == 3 || DS1302_Time[1] == 5 || DS1302_Time[1] == 7 || DS
             -1302_Time[1] == 8 || DS1302_Time[1] == 10 || DS1302_Time[1] == 12)
 100   2              {
 101   3                  if (DS1302_Time[2] < 1) { DS1302_Time[2] = 31; }
 102   3                  if (DS1302_Time[2] > 31) { DS1302_Time[2] = 1; }
 103   3              }
 104   2              else if (DS1302_Time[1] == 4 || DS1302_Time[1] == 6 || DS1302_Time[1] == 9 || DS1302_Time[1] == 11
             -)
 105   2              {
 106   3                  if (DS1302_Time[2] < 1) { DS1302_Time[2] = 30; }
 107   3                  if (DS1302_Time[2] > 30) { DS1302_Time[2] = 1; }
 108   3              }
 109   2              else if (DS1302_Time[1] == 2)
 110   2              {
 111   3                  if (DS1302_Time[0] % 4 != 0)
 112   3                  {
C51 COMPILER V9.54   MAIN                                                                  07/24/2022 17:00:42 PAGE 3   

 113   4                      if (DS1302_Time[2] < 1) { DS1302_Time[2] = 28; }
 114   4                      if (DS1302_Time[2] > 28) { DS1302_Time[2] = 1; }
 115   4                  }
 116   3                  else
 117   3                  {
 118   4                      if (DS1302_Time[2] < 1) { DS1302_Time[2] = 29; }
 119   4                      if (DS1302_Time[2] > 29) { DS1302_Time[2] = 1; }
 120   4                  }
 121   3              }   
 122   2              
 123   2              if (DS1302_Time[3] < 0) { DS1302_Time[3] = 23; }
 124   2              if (DS1302_Time[4] < 0) { DS1302_Time[4] = 59; }
 125   2              if (DS1302_Time[5] < 0) { DS1302_Time[5] = 59; }
 126   2          }
 127   1          // 更新显示
 128   1          if (TimeSelect == 0 && TimeSetFlashFlag == 1) { LCD_ShowString(1, 1, "  "); }
 129   1          else { LCD_ShowNum(1, 1, DS1302_Time[0], 2); }
 130   1          if (TimeSelect == 1 && TimeSetFlashFlag == 1) { LCD_ShowString(1, 4, "  "); }
 131   1          else { LCD_ShowNum(1, 4, DS1302_Time[1], 2); }
 132   1          if (TimeSelect == 2 && TimeSetFlashFlag == 1) { LCD_ShowString(1, 7, "  "); }
 133   1          else { LCD_ShowNum(1, 7, DS1302_Time[2], 2); }
 134   1          if (TimeSelect == 3 && TimeSetFlashFlag == 1) { LCD_ShowString(2, 1, "  "); }
 135   1          else { LCD_ShowNum(2, 1, DS1302_Time[3], 2); }
 136   1          if (TimeSelect == 4 && TimeSetFlashFlag == 1) { LCD_ShowString(2, 4, "  "); }
 137   1          else { LCD_ShowNum(2, 4, DS1302_Time[4], 2); }
 138   1          if (TimeSelect == 5 && TimeSetFlashFlag == 1) { LCD_ShowString(2, 7, "  "); }
 139   1          else { LCD_ShowNum(2, 7, DS1302_Time[5], 2); }
 140   1      }
 141          
 142          void Timer0_Rountine() interrupt 1
 143          {
 144   1              static unsigned int T0Count;
 145   1          TL0 = 0x66; // 设置定时初始值
 146   1          TH0 = 0xFC; // 设置定时初始值
 147   1          T0Count++;
 148   1          if (T0Count >= 500)
 149   1          {
 150   2              T0Count = 0;
 151   2              TimeSetFlashFlag = !TimeSetFlashFlag;
 152   2          }
 153   1      }


MODULE INFORMATION:   STATIC OVERLAYABLE
   CODE SIZE        =    969    ----
   CONSTANT SIZE    =     17    ----
   XDATA SIZE       =   ----    ----
   PDATA SIZE       =   ----    ----
   DATA SIZE        =      6    ----
   IDATA SIZE       =   ----    ----
   BIT SIZE         =   ----    ----
END OF MODULE INFORMATION.


C51 COMPILATION COMPLETE.  0 WARNING(S),  0 ERROR(S)
