C51 COMPILER V9.54   BUZZER                                                                07/23/2022 01:59:24 PAGE 1   


C51 COMPILER V9.54, COMPILATION OF MODULE BUZZER
OBJECT MODULE PLACED IN .\Objects\Buzzer.obj
COMPILER INVOKED BY: D:\Keil_v5\C51\BIN\C51.EXE Buzzer.c OPTIMIZE(8,SPEED) BROWSE DEBUG OBJECTEXTEND PRINT(.\Listings\Bu
                    -zzer.lst) OBJECT(.\Objects\Buzzer.obj)

line level    source

   1          #include <REGX52.H>
   2          #include <INTRINS.h>
   3          #include "Delay.h"
   4          
   5          sbit Buzzer = P2 ^ 5;
   6          /**
   7            * @brief 蜂鸣器私有延时500us函数
   8            * @param 无
   9            * @retval 无
  10            */
  11          void Buzzer_Delay500us()
  12          {
  13   1          unsigned char i;
  14   1          
  15   1          _nop_();
  16   1          i = 247;
  17   1          while (--i);
  18   1      }
  19          
  20          /**
  21            * @brief 蜂鸣器发声
  22            * @param xms 发声时长
  23            * @retval 无
  24            */
  25          void Buzzer_Time(unsigned int xms)
  26          {
  27   1          unsigned int i;
  28   1          for (i = 0; i < xms * 2; i++) // 持续xms毫秒
  29   1          {
  30   2              Buzzer = !Buzzer;
  31   2              Buzzer_Delay500us(); // 周期2ms/频率500Hz
  32   2          }
  33   1      }


MODULE INFORMATION:   STATIC OVERLAYABLE
   CODE SIZE        =     40    ----
   CONSTANT SIZE    =   ----    ----
   XDATA SIZE       =   ----    ----
   PDATA SIZE       =   ----    ----
   DATA SIZE        =   ----    ----
   IDATA SIZE       =   ----    ----
   BIT SIZE         =   ----    ----
END OF MODULE INFORMATION.


C51 COMPILATION COMPLETE.  0 WARNING(S),  0 ERROR(S)
