C51 COMPILER V9.54   MAIN                                                                  07/23/2022 01:59:24 PAGE 1   


C51 COMPILER V9.54, COMPILATION OF MODULE MAIN
OBJECT MODULE PLACED IN .\Objects\main.obj
COMPILER INVOKED BY: D:\Keil_v5\C51\BIN\C51.EXE main.c OPTIMIZE(8,SPEED) BROWSE DEBUG OBJECTEXTEND PRINT(.\Listings\main
                    -.lst) OBJECT(.\Objects\main.obj)

line level    source

   1          #include <REGX52.H>
   2          #include "Delay.h"
   3          #include "Timer0.h"
   4          
   5          sbit Buzzer = P2 ^ 5;
   6          
   7          #define SPEED (500)
   8          #define P (0)
   9          
  10          #define L1 (1)
  11          #define L1_ (2)
  12          #define L2 (3)
  13          #define L2_ (4)
  14          #define L3 (5)
  15          #define L4 (6)
  16          #define L4_ (7)
  17          #define L5 (8)
  18          #define L5_ (9)
  19          #define L6 (10)
  20          #define L6_ (11)
  21          #define L7 (12)
  22          #define M1 (13)
  23          #define M1_ (14)
  24          #define M2 (15)
  25          #define M2_ (16)
  26          #define M3 (17)
  27          #define M4 (18)
  28          #define M4_ (19)
  29          #define M5 (20)
  30          #define M5_ (21)
  31          #define M6 (22)
  32          #define M6_ (23)
  33          #define M7 (24)
  34          #define H1 (25)
  35          #define H1_ (26)
  36          #define H2 (27)
  37          #define H2_ (28)
  38          #define H3 (29)
  39          #define H4 (30)
  40          #define H4_ (31)
  41          #define H5 (32)
  42          #define H5_ (33)
  43          #define H6 (34)
  44          #define H6_ (35)
  45          #define H7 (36)
  46          
  47          
  48          unsigned int FreqTable[] = {
  49              0,
  50              63628,63731,63835,63928,64021,64103,64185,64260,64331,64400,64463,64524,
  51              64580,64633,64684,64732,64777,64820,64860,64898,64934,64968,65000,65030,
  52              65058,65085,65110,65134,65157,65178,65198,65217,65235,65252,65268,65283
  53          };
  54          
C51 COMPILER V9.54   MAIN                                                                  07/23/2022 01:59:24 PAGE 2   

  55          unsigned char code Music[] = {
  56              // 1
  57              P,4,
  58              P,4,
  59              P,4,
  60              M6,2,
  61              M7,2,
  62              
  63              H1,4+2,
  64              M7,2,
  65              H1,4,
  66              H3,4,
  67              
  68              M7,4+4+4,
  69              M3,2,
  70              M3,2,
  71              
  72              //2
  73              M6,4+2,
  74              M5,2,
  75              M6,4,
  76              H1,4,
  77              
  78              M5,4+4+4,
  79              
  80              0xFF
  81          };
  82          
  83          unsigned char FreqSelect, MusicSelect;
  84          
  85          void main()
  86          {
  87   1          Timer0_Init();
  88   1          while (1)
  89   1          {
  90   2              if (Music[MusicSelect] != 0xFF)
  91   2              {
  92   3                  FreqSelect = Music[MusicSelect];
  93   3                  MusicSelect++;
  94   3                  Delay(SPEED / 4 * Music[MusicSelect]);
  95   3                  MusicSelect++;
  96   3                  // 抬手
  97   3                  TR0 = 0;
  98   3                  Delay(5);
  99   3                  TR0 = 1;
 100   3              }
 101   2              else
 102   2              {
 103   3                  TR0 = 0;
 104   3                  while (1);
 105   3              }
 106   2          }
 107   1      }
 108          
 109          void Timer0_Rountine() interrupt 1
 110          {
 111   1              if (FreqTable[FreqSelect])
 112   1          {
 113   2              TL0 = FreqTable[FreqSelect] % 256; // 设置定时初始值
 114   2              TH0 = FreqTable[FreqSelect] / 256; // 设置定时初始值
 115   2              Buzzer = !Buzzer;
 116   2          }
C51 COMPILER V9.54   MAIN                                                                  07/23/2022 01:59:24 PAGE 3   

 117   1          
 118   1      }


MODULE INFORMATION:   STATIC OVERLAYABLE
   CODE SIZE        =    101    ----
   CONSTANT SIZE    =     35    ----
   XDATA SIZE       =   ----    ----
   PDATA SIZE       =   ----    ----
   DATA SIZE        =     76    ----
   IDATA SIZE       =   ----    ----
   BIT SIZE         =   ----    ----
END OF MODULE INFORMATION.


C51 COMPILATION COMPLETE.  0 WARNING(S),  0 ERROR(S)
