C51 COMPILER V9.54   MAIN                                                                  07/26/2022 16:43:52 PAGE 1   


C51 COMPILER V9.54, COMPILATION OF MODULE MAIN
OBJECT MODULE PLACED IN .\Objects\main.obj
COMPILER INVOKED BY: D:\Keil_v5\C51\BIN\C51.EXE main.c OPTIMIZE(8,SPEED) BROWSE DEBUG OBJECTEXTEND PRINT(.\Listings\main
                    -.lst) OBJECT(.\Objects\main.obj)

line level    source

   1          #include <REGX52.H>
   2          #include "Delay.h"
   3          #include "Key.h"
   4          #include "Nixie.h"
   5          #include "Timer0.h"
   6          
   7          
   8          sbit Moter = P1 ^ 0;
   9          
  10          unsigned char Counter, Compare;
  11          unsigned char KeyNum, Speed;
  12          
  13          void main()
  14          {
  15   1          Timer0_Init();
  16   1          Compare = 5;
  17   1          while (1)
  18   1          {
  19   2              KeyNum = Key();
  20   2              if (KeyNum)
  21   2              {
  22   3                  if (KeyNum == 1)
  23   3                  {
  24   4                      Speed++;
  25   4                      Speed %= 4;
  26   4                  }
  27   3              }
  28   2              if (Speed == 0) { Compare = 0; }
  29   2              if (Speed == 1) { Compare = 30; }
  30   2              if (Speed == 2) { Compare = 60; }
  31   2              if (Speed == 3) { Compare = 100; }
  32   2              Nixie(1, Speed);
  33   2          }
  34   1      }
  35          
  36          void Timer0_Rountine() interrupt 1
  37          {
  38   1          TL0 = 0xA4; // 设置定时初始值
  39   1          TH0 = 0xFF; // 设置定时初始值
  40   1          Counter++;
  41   1          Counter %= 100;
  42   1          if (Counter < Compare)
  43   1          {
  44   2              Moter = 1;
  45   2          }
  46   1          else
  47   1          {
  48   2              Moter = 0;
  49   2          }
  50   1      }


MODULE INFORMATION:   STATIC OVERLAYABLE
   CODE SIZE        =    105    ----
C51 COMPILER V9.54   MAIN                                                                  07/26/2022 16:43:52 PAGE 2   

   CONSTANT SIZE    =   ----    ----
   XDATA SIZE       =   ----    ----
   PDATA SIZE       =   ----    ----
   DATA SIZE        =      4    ----
   IDATA SIZE       =   ----    ----
   BIT SIZE         =   ----    ----
END OF MODULE INFORMATION.


C51 COMPILATION COMPLETE.  0 WARNING(S),  0 ERROR(S)
