C51 COMPILER V9.54   NIXIE                                                                 07/26/2022 16:08:21 PAGE 1   


C51 COMPILER V9.54, COMPILATION OF MODULE NIXIE
OBJECT MODULE PLACED IN .\Objects\Nixie.obj
COMPILER INVOKED BY: D:\Keil_v5\C51\BIN\C51.EXE Nixie.c OPTIMIZE(8,SPEED) BROWSE DEBUG OBJECTEXTEND PRINT(.\Listings\Nix
                    -ie.lst) OBJECT(.\Objects\Nixie.obj)

line level    source

   1          #include <REGX52.H>
   2          #include "Delay.h"
   3          
   4          unsigned char NixieTable[] = {0x3F, 0x06, 0x5B, 0x4F, 0x66, 0x6D, 0x7D, 0x07, 0x7F, 0x6F, 0x77, 0x7C, 0x39
             -, 0x5E, 0x79, 0x71, 0x00};
   5          
   6          /**
   7            * @brief  数码管显示数字
   8            * @param  pos 要显示数码的位置，范围1~8
   9            * @param  num 要显示的数码，范围0~F, 空
  10            * @retval 无
  11            */
  12          void Nixie(unsigned char pos, unsigned char num)
  13          {
  14   1          switch (pos)
  15   1          {
  16   2              case 1: P2_4 = 1; P2_3 = 1; P2_2 = 1; break;
  17   2              case 2: P2_4 = 1; P2_3 = 1; P2_2 = 0; break;
  18   2              case 3: P2_4 = 1; P2_3 = 0; P2_2 = 1; break;
  19   2              case 4: P2_4 = 1; P2_3 = 0; P2_2 = 0; break;
  20   2              case 5: P2_4 = 0; P2_3 = 1; P2_2 = 1; break;
  21   2              case 6: P2_4 = 0; P2_3 = 1; P2_2 = 0; break;
  22   2              case 7: P2_4 = 0; P2_3 = 0; P2_2 = 1; break;
  23   2              case 8: P2_4 = 0; P2_3 = 0; P2_2 = 0; break;
  24   2              
  25   2          }
  26   1          P0 = NixieTable[num];
  27   1          // 消影
  28   1          Delay(1); // 延时
  29   1          P0 = 0x00; // 清零
  30   1      }


MODULE INFORMATION:   STATIC OVERLAYABLE
   CODE SIZE        =    109    ----
   CONSTANT SIZE    =   ----    ----
   XDATA SIZE       =   ----    ----
   PDATA SIZE       =   ----    ----
   DATA SIZE        =     17    ----
   IDATA SIZE       =   ----    ----
   BIT SIZE         =   ----    ----
END OF MODULE INFORMATION.


C51 COMPILATION COMPLETE.  0 WARNING(S),  0 ERROR(S)
