C51 COMPILER V9.54   MAIN                                                                  07/15/2022 19:46:49 PAGE 1   


C51 COMPILER V9.54, COMPILATION OF MODULE MAIN
OBJECT MODULE PLACED IN .\Objects\main.obj
COMPILER INVOKED BY: D:\Keil_v5\C51\BIN\C51.EXE main.c OPTIMIZE(8,SPEED) BROWSE DEBUG OBJECTEXTEND PRINT(.\Listings\main
                    -.lst) OBJECT(.\Objects\main.obj)

line level    source

   1          #include <REGX52.H>
   2          #include <INTRINS.H>
   3          
   4          
   5          void Delay1ms(unsigned int);
   6          
   7          
   8          void main()
   9          {
  10   1          unsigned int xms = 100;
  11   1          while (1) 
  12   1          {
  13   2              P2 = 0xFE;
  14   2              Delay1ms(xms);
  15   2              P2 = 0xFD;
  16   2              Delay1ms(xms);
  17   2              P2 = 0xFB;
  18   2              Delay1ms(xms);
  19   2              P2 = 0xF7;
  20   2              Delay1ms(xms);
  21   2              P2 = 0xEF;
  22   2              Delay1ms(xms);
  23   2              P2 = 0xDF;
  24   2              Delay1ms(xms);
  25   2              P2 = 0xBF;
  26   2              Delay1ms(xms);
  27   2              P2 = 0x7F;
  28   2              Delay1ms(xms);
  29   2          }
  30   1      }
  31          
  32          
  33          void Delay1ms(unsigned int xms) //@12.000MHz
  34          {
  35   1          unsigned char i, j;
  36   1      
  37   1          while (xms--)
  38   1          {
  39   2              i = 2;
  40   2              j = 239;
  41   2              do
  42   2              {
  43   3                  while (--j);
  44   3              } while (--i);
  45   2          }   
  46   1      }
  47          


MODULE INFORMATION:   STATIC OVERLAYABLE
   CODE SIZE        =     81    ----
   CONSTANT SIZE    =   ----    ----
   XDATA SIZE       =   ----    ----
   PDATA SIZE       =   ----    ----
C51 COMPILER V9.54   MAIN                                                                  07/15/2022 19:46:49 PAGE 2   

   DATA SIZE        =   ----       2
   IDATA SIZE       =   ----    ----
   BIT SIZE         =   ----    ----
END OF MODULE INFORMATION.


C51 COMPILATION COMPLETE.  0 WARNING(S),  0 ERROR(S)
