C51 COMPILER V9.54   MAIN                                                                  07/19/2022 00:14:47 PAGE 1   


C51 COMPILER V9.54, COMPILATION OF MODULE MAIN
OBJECT MODULE PLACED IN .\Objects\main.obj
COMPILER INVOKED BY: D:\Keil_v5\C51\BIN\C51.EXE main.c OPTIMIZE(8,SPEED) BROWSE DEBUG OBJECTEXTEND PRINT(.\Listings\main
                    -.lst) OBJECT(.\Objects\main.obj)

line level    source

   1          #include <REGX52.H>
   2          #include "Delay.h"
   3          #include "LEDMatrix.h"
   4          
   5          
   6          unsigned char code Animation[] = {
   7              0x3E,0x2A,0x3E,0x01,0x3D,0x56,0xDE,0x75,
   8              0x5D,0x03,0x00,0x10,0x29,0x2D,0xBA,0x6D,
   9              0x29,0x28,0x30,0x00,0x00,0x01,0x06,0x06,
  10              0x00,0x00,0x08,0x10,0x22,0x01,0xFF,0x00,
  11              0x20,0x10,0x08,0x00,0x00,0xFF,0x92,0x6C,
  12              0x01,0x5A,0x69,0xDF,0x48,0x4A,0x01,0x00,
  13              0xFD,0x00,0x00,0x00,0x00,0x00,0x00,0x00,
  14              0x00,0x00,0x00,0x00
  15          };
  16          
  17          void main()
  18          {
  19   1          unsigned char i, Offset = 0, Count = 0;
  20   1          void LEDMatrix_Init();
  21   1          while (1)
  22   1          {
  23   2              for (i = 0; i < 8; i++)
  24   2              {
  25   3                  LEDMatrix_ShowColumn(i, Animation[(i + Offset) % 60]);
  26   3              }
  27   2              
  28   2              Count++;
  29   2              if (Count > 8)
  30   2              {
  31   3                  Count = 0;
  32   3                  Offset++;
  33   3              }
  34   2          }
  35   1      }
  36          
  37          
  38          


MODULE INFORMATION:   STATIC OVERLAYABLE
   CODE SIZE        =     66    ----
   CONSTANT SIZE    =     60    ----
   XDATA SIZE       =   ----    ----
   PDATA SIZE       =   ----    ----
   DATA SIZE        =   ----       3
   IDATA SIZE       =   ----    ----
   BIT SIZE         =   ----    ----
END OF MODULE INFORMATION.


C51 COMPILATION COMPLETE.  0 WARNING(S),  0 ERROR(S)
