C51 COMPILER V9.54   MAIN                                                                  07/17/2022 16:58:33 PAGE 1   


C51 COMPILER V9.54, COMPILATION OF MODULE MAIN
OBJECT MODULE PLACED IN .\Objects\main.obj
COMPILER INVOKED BY: D:\Keil_v5\C51\BIN\C51.EXE main.c OPTIMIZE(8,SPEED) BROWSE DEBUG OBJECTEXTEND PRINT(.\Listings\main
                    -.lst) OBJECT(.\Objects\main.obj)

line level    source

   1          #include <REGX52.H>
   2          #include "Delay.h"
   3          #include "LCD1602.h"
   4          #include "MatrixKey.h"
   5          
   6          
   7          void main()
   8          {
   9   1          unsigned char KeyNumber;
  10   1          unsigned int Password = 0, Count = 0, Code = 8888;
  11   1          LCD_Init();
  12   1          LCD_ShowString(1, 1, "Passworld:");
  13   1          while (1)
  14   1          {
  15   2              KeyNumber = MatrixKey();
  16   2              if (KeyNumber)
  17   2              {
  18   3                  if (KeyNumber <= 10 && Count < 4) // 1~10为密码区(S10为0)
  19   3                  {
  20   4                      Password *= 10; // 密码左移
  21   4                      Password += KeyNumber % 10; // 获取一位密码
  22   4                      Count++; // 计次+1
  23   4                  }
  24   3                  LCD_ShowNum(2, 1, Password, 4);
  25   3                  
  26   3                  if (KeyNumber == 11) // 11为确认
  27   3                  {
  28   4                      if (Password == Code)
  29   4                      {
  30   5                          LCD_ShowString(1, 14, "OK ");
  31   5                          Password = 0;
  32   5                          Count = 0;
  33   5                          LCD_ShowNum(2, 1, Password, 4);
  34   5                      }
  35   4                      else
  36   4                      {
  37   5                          LCD_ShowString(1, 14, "ERR");
  38   5                          Password = 0;
  39   5                          Count = 0;
  40   5                          LCD_ShowNum(2, 1, Password, 4);
  41   5                      } 
  42   4                  }
  43   3                  
  44   3                  if (KeyNumber == 12) // 12为取消
  45   3                  {
  46   4                      Password = 0;
  47   4                      Count = 0;
  48   4                      LCD_ShowNum(2, 1, Password, 4);
  49   4                  }
  50   3              }
  51   2          }
  52   1      }


C51 COMPILER V9.54   MAIN                                                                  07/17/2022 16:58:33 PAGE 2   

MODULE INFORMATION:   STATIC OVERLAYABLE
   CODE SIZE        =    204    ----
   CONSTANT SIZE    =     19    ----
   XDATA SIZE       =   ----    ----
   PDATA SIZE       =   ----    ----
   DATA SIZE        =   ----       7
   IDATA SIZE       =   ----    ----
   BIT SIZE         =   ----    ----
END OF MODULE INFORMATION.


C51 COMPILATION COMPLETE.  0 WARNING(S),  0 ERROR(S)
